[26-Jul-2020 12:41:59 Asia/Tokyo] PHP Warning:  session_start(): Failed to decode session object. Session has been destroyed in C:\xampp\htdocs\OP_お見合い\index.php on line 5
[26-Jul-2020 12:41:59 Asia/Tokyo] PHP Stack trace:
[26-Jul-2020 12:41:59 Asia/Tokyo] PHP   1. {main}() C:\xampp\htdocs\OP_お見合い\index.php:0
[26-Jul-2020 12:41:59 Asia/Tokyo] PHP   2. session_start() C:\xampp\htdocs\OP_お見合い\index.php:5
[26-Jul-2020 12:41:59 Asia/Tokyo] PHP Fatal error:  Uncaught Error: Cannot instantiate abstract class Human in C:\xampp\htdocs\OP_お見合い\index.php:5
Stack trace:
#0 C:\xampp\htdocs\OP_お見合い\index.php(5): session_start()
#1 {main}
  thrown in C:\xampp\htdocs\OP_お見合い\index.php on line 5
[26-Jul-2020 14:43:03 Asia/Tokyo] PHP Warning:  session_start(): Failed to decode session object. Session has been destroyed in C:\xampp\htdocs\OP_お見合い\index.php on line 5
[26-Jul-2020 14:43:03 Asia/Tokyo] PHP Stack trace:
[26-Jul-2020 14:43:03 Asia/Tokyo] PHP   1. {main}() C:\xampp\htdocs\OP_お見合い\index.php:0
[26-Jul-2020 14:43:03 Asia/Tokyo] PHP   2. session_start() C:\xampp\htdocs\OP_お見合い\index.php:5
[26-Jul-2020 14:43:03 Asia/Tokyo] PHP Fatal error:  Uncaught Error: Cannot instantiate abstract class Human in C:\xampp\htdocs\OP_お見合い\index.php:5
Stack trace:
#0 C:\xampp\htdocs\OP_お見合い\index.php(5): session_start()
#1 {main}
  thrown in C:\xampp\htdocs\OP_お見合い\index.php on line 5
[26-Jul-2020 17:04:36 Asia/Tokyo] PHP Warning:  session_start(): Failed to decode session object. Session has been destroyed in C:\xampp\htdocs\OP_お見合い\index.php on line 5
[26-Jul-2020 17:04:36 Asia/Tokyo] PHP Stack trace:
[26-Jul-2020 17:04:36 Asia/Tokyo] PHP   1. {main}() C:\xampp\htdocs\OP_お見合い\index.php:0
[26-Jul-2020 17:04:36 Asia/Tokyo] PHP   2. session_start() C:\xampp\htdocs\OP_お見合い\index.php:5
[26-Jul-2020 17:04:36 Asia/Tokyo] PHP Fatal error:  Uncaught Error: Cannot instantiate abstract class Human in C:\xampp\htdocs\OP_お見合い\index.php:5
Stack trace:
#0 C:\xampp\htdocs\OP_お見合い\index.php(5): session_start()
#1 {main}
  thrown in C:\xampp\htdocs\OP_お見合い\index.php on line 5
[26-Jul-2020 17:27:39 Asia/Tokyo] POSTあり
[26-Jul-2020 17:27:39 Asia/Tokyo] PHP Fatal error:  Uncaught Error: Cannot use object of type Man as array in C:\xampp\htdocs\OP_お見合い\index.php:100
Stack trace:
#0 C:\xampp\htdocs\OP_お見合い\index.php(113): createMan()
#1 C:\xampp\htdocs\OP_お見合い\index.php(128): init()
#2 {main}
  thrown in C:\xampp\htdocs\OP_お見合い\index.php on line 100
[26-Jul-2020 17:30:28 Asia/Tokyo] POSTあり
[26-Jul-2020 17:30:28 Asia/Tokyo] PHP Fatal error:  Uncaught Error: Cannot use object of type Man as array in C:\xampp\htdocs\OP_お見合い\index.php:100
Stack trace:
#0 C:\xampp\htdocs\OP_お見合い\index.php(113): createMan()
#1 C:\xampp\htdocs\OP_お見合い\index.php(128): init()
#2 {main}
  thrown in C:\xampp\htdocs\OP_お見合い\index.php on line 100
[26-Jul-2020 17:32:23 Asia/Tokyo] POSTあり
[26-Jul-2020 17:32:23 Asia/Tokyo] PHP Fatal error:  Uncaught Error: Cannot use object of type Man as array in C:\xampp\htdocs\OP_お見合い\index.php:100
Stack trace:
#0 C:\xampp\htdocs\OP_お見合い\index.php(113): createMan()
#1 C:\xampp\htdocs\OP_お見合い\index.php(128): init()
#2 {main}
  thrown in C:\xampp\htdocs\OP_お見合い\index.php on line 100
[26-Jul-2020 17:32:26 Asia/Tokyo] POSTあり
[26-Jul-2020 17:32:26 Asia/Tokyo] PHP Fatal error:  Uncaught Error: Cannot use object of type Man as array in C:\xampp\htdocs\OP_お見合い\index.php:100
Stack trace:
#0 C:\xampp\htdocs\OP_お見合い\index.php(113): createMan()
#1 C:\xampp\htdocs\OP_お見合い\index.php(128): init()
#2 {main}
  thrown in C:\xampp\htdocs\OP_お見合い\index.php on line 100
[26-Jul-2020 17:39:46 Asia/Tokyo] POSTあり
[26-Jul-2020 17:39:46 Asia/Tokyo] PHP Fatal error:  Uncaught Error: Function name must be a string in C:\xampp\htdocs\OP_お見合い\index.php:100
Stack trace:
#0 C:\xampp\htdocs\OP_お見合い\index.php(113): createMan()
#1 C:\xampp\htdocs\OP_お見合い\index.php(128): init()
#2 {main}
  thrown in C:\xampp\htdocs\OP_お見合い\index.php on line 100
[26-Jul-2020 17:40:32 Asia/Tokyo] POSTあり
[26-Jul-2020 17:40:32 Asia/Tokyo] PHP Fatal error:  Uncaught Error: Cannot use object of type Man as array in C:\xampp\htdocs\OP_お見合い\index.php:100
Stack trace:
#0 C:\xampp\htdocs\OP_お見合い\index.php(113): createMan()
#1 C:\xampp\htdocs\OP_お見合い\index.php(128): init()
#2 {main}
  thrown in C:\xampp\htdocs\OP_お見合い\index.php on line 100
[26-Jul-2020 17:48:58 Asia/Tokyo] POSTあり
[26-Jul-2020 17:48:58 Asia/Tokyo] PHP Fatal error:  Uncaught Error: Call to undefined method Man::mt_rand() in C:\xampp\htdocs\OP_お見合い\index.php:100
Stack trace:
#0 C:\xampp\htdocs\OP_お見合い\index.php(113): createMan()
#1 C:\xampp\htdocs\OP_お見合い\index.php(128): init()
#2 {main}
  thrown in C:\xampp\htdocs\OP_お見合い\index.php on line 100
[26-Jul-2020 17:50:11 Asia/Tokyo] POSTあり
[26-Jul-2020 17:50:11 Asia/Tokyo] PHP Fatal error:  Uncaught Error: Function name must be a string in C:\xampp\htdocs\OP_お見合い\index.php:100
Stack trace:
#0 C:\xampp\htdocs\OP_お見合い\index.php(113): createMan()
#1 C:\xampp\htdocs\OP_お見合い\index.php(128): init()
#2 {main}
  thrown in C:\xampp\htdocs\OP_お見合い\index.php on line 100
[26-Jul-2020 17:53:28 Asia/Tokyo] POSTあり
[26-Jul-2020 17:53:28 Asia/Tokyo] PHP Fatal error:  Uncaught Error: Call to undefined function man() in C:\xampp\htdocs\OP_お見合い\index.php:100
Stack trace:
#0 C:\xampp\htdocs\OP_お見合い\index.php(113): createMan()
#1 C:\xampp\htdocs\OP_お見合い\index.php(128): init()
#2 {main}
  thrown in C:\xampp\htdocs\OP_お見合い\index.php on line 100
[26-Jul-2020 17:54:31 Asia/Tokyo] POSTあり
[26-Jul-2020 17:54:31 Asia/Tokyo] PHP Fatal error:  Uncaught Error: Cannot use object of type Man as array in C:\xampp\htdocs\OP_お見合い\index.php:100
Stack trace:
#0 C:\xampp\htdocs\OP_お見合い\index.php(113): createMan()
#1 C:\xampp\htdocs\OP_お見合い\index.php(128): init()
#2 {main}
  thrown in C:\xampp\htdocs\OP_お見合い\index.php on line 100
[26-Jul-2020 17:55:26 Asia/Tokyo] POSTあり
[26-Jul-2020 18:10:01 Asia/Tokyo] POSTあり
[26-Jul-2020 18:10:01 Asia/Tokyo] PHP Notice:  Undefined index: knockDownCount in C:\xampp\htdocs\OP_お見合い\index.php on line 190
[26-Jul-2020 18:10:01 Asia/Tokyo] PHP Stack trace:
[26-Jul-2020 18:10:01 Asia/Tokyo] PHP   1. {main}() C:\xampp\htdocs\OP_お見合い\index.php:0
[26-Jul-2020 18:10:39 Asia/Tokyo] POSTあり
[26-Jul-2020 18:10:39 Asia/Tokyo] PHP Notice:  Undefined index: knockDownCount in C:\xampp\htdocs\OP_お見合い\index.php on line 190
[26-Jul-2020 18:10:39 Asia/Tokyo] PHP Stack trace:
[26-Jul-2020 18:10:39 Asia/Tokyo] PHP   1. {main}() C:\xampp\htdocs\OP_お見合い\index.php:0
[26-Jul-2020 18:10:43 Asia/Tokyo] POSTあり
[26-Jul-2020 18:10:43 Asia/Tokyo] PHP Notice:  Undefined index: knockDownCount in C:\xampp\htdocs\OP_お見合い\index.php on line 190
[26-Jul-2020 18:10:43 Asia/Tokyo] PHP Stack trace:
[26-Jul-2020 18:10:43 Asia/Tokyo] PHP   1. {main}() C:\xampp\htdocs\OP_お見合い\index.php:0
[26-Jul-2020 18:10:47 Asia/Tokyo] POSTあり
[26-Jul-2020 18:10:47 Asia/Tokyo] PHP Fatal error:  Uncaught Error: Call to undefined function getStatus() in C:\xampp\htdocs\OP_お見合い\index.php:34
Stack trace:
#0 C:\xampp\htdocs\OP_お見合い\index.php(141): Woman->like(Object(Man))
#1 {main}
  thrown in C:\xampp\htdocs\OP_お見合い\index.php on line 34
[26-Jul-2020 18:11:56 Asia/Tokyo] POSTあり
[26-Jul-2020 18:11:56 Asia/Tokyo] PHP Fatal error:  Uncaught Error: Call to undefined function getStatus() in C:\xampp\htdocs\OP_お見合い\index.php:34
Stack trace:
#0 C:\xampp\htdocs\OP_お見合い\index.php(141): Woman->like(Object(Man))
#1 {main}
  thrown in C:\xampp\htdocs\OP_お見合い\index.php on line 34
[26-Jul-2020 18:14:22 Asia/Tokyo] POSTあり
[26-Jul-2020 18:14:22 Asia/Tokyo] PHP Fatal error:  Uncaught Error: Call to undefined function getStatus() in C:\xampp\htdocs\OP_お見合い\index.php:34
Stack trace:
#0 C:\xampp\htdocs\OP_お見合い\index.php(141): Woman->like(Object(Man))
#1 {main}
  thrown in C:\xampp\htdocs\OP_お見合い\index.php on line 34
[26-Jul-2020 18:14:29 Asia/Tokyo] POSTあり
[26-Jul-2020 18:14:29 Asia/Tokyo] PHP Notice:  Undefined index: knockDownCount in C:\xampp\htdocs\OP_お見合い\index.php on line 190
[26-Jul-2020 18:14:29 Asia/Tokyo] PHP Stack trace:
[26-Jul-2020 18:14:29 Asia/Tokyo] PHP   1. {main}() C:\xampp\htdocs\OP_お見合い\index.php:0
[26-Jul-2020 18:16:40 Asia/Tokyo] POSTあり
[26-Jul-2020 18:16:40 Asia/Tokyo] PHP Notice:  Undefined index: knockDownCount in C:\xampp\htdocs\OP_お見合い\index.php on line 190
[26-Jul-2020 18:16:40 Asia/Tokyo] PHP Stack trace:
[26-Jul-2020 18:16:40 Asia/Tokyo] PHP   1. {main}() C:\xampp\htdocs\OP_お見合い\index.php:0
[26-Jul-2020 18:17:46 Asia/Tokyo] POSTあり
[26-Jul-2020 18:17:46 Asia/Tokyo] PHP Notice:  Undefined index: knockDownCount in C:\xampp\htdocs\OP_お見合い\index.php on line 190
[26-Jul-2020 18:17:46 Asia/Tokyo] PHP Stack trace:
[26-Jul-2020 18:17:46 Asia/Tokyo] PHP   1. {main}() C:\xampp\htdocs\OP_お見合い\index.php:0
[26-Jul-2020 18:18:48 Asia/Tokyo] POSTあり
[26-Jul-2020 18:18:48 Asia/Tokyo] PHP Notice:  Undefined index: knockDownCount in C:\xampp\htdocs\OP_お見合い\index.php on line 190
[26-Jul-2020 18:18:48 Asia/Tokyo] PHP Stack trace:
[26-Jul-2020 18:18:48 Asia/Tokyo] PHP   1. {main}() C:\xampp\htdocs\OP_お見合い\index.php:0
[26-Jul-2020 18:18:59 Asia/Tokyo] POSTあり
[26-Jul-2020 18:18:59 Asia/Tokyo] PHP Notice:  Undefined index: knockDownCount in C:\xampp\htdocs\OP_お見合い\index.php on line 190
[26-Jul-2020 18:18:59 Asia/Tokyo] PHP Stack trace:
[26-Jul-2020 18:18:59 Asia/Tokyo] PHP   1. {main}() C:\xampp\htdocs\OP_お見合い\index.php:0
[26-Jul-2020 18:20:05 Asia/Tokyo] POSTあり
[26-Jul-2020 18:20:05 Asia/Tokyo] PHP Notice:  Undefined index: knockDownCount in C:\xampp\htdocs\OP_お見合い\index.php on line 190
[26-Jul-2020 18:20:05 Asia/Tokyo] PHP Stack trace:
[26-Jul-2020 18:20:05 Asia/Tokyo] PHP   1. {main}() C:\xampp\htdocs\OP_お見合い\index.php:0
[26-Jul-2020 18:20:11 Asia/Tokyo] PHP Notice:  Undefined index: knockDownCount in C:\xampp\htdocs\OP_お見合い\index.php on line 190
[26-Jul-2020 18:20:11 Asia/Tokyo] PHP Stack trace:
[26-Jul-2020 18:20:11 Asia/Tokyo] PHP   1. {main}() C:\xampp\htdocs\OP_お見合い\index.php:0
[26-Jul-2020 18:20:21 Asia/Tokyo] POSTあり
[26-Jul-2020 18:20:21 Asia/Tokyo] PHP Notice:  Undefined index: knockDownCount in C:\xampp\htdocs\OP_お見合い\index.php on line 190
[26-Jul-2020 18:20:21 Asia/Tokyo] PHP Stack trace:
[26-Jul-2020 18:20:21 Asia/Tokyo] PHP   1. {main}() C:\xampp\htdocs\OP_お見合い\index.php:0
[26-Jul-2020 18:20:25 Asia/Tokyo] POSTあり
[26-Jul-2020 18:20:25 Asia/Tokyo] PHP Notice:  Undefined index: knockDownCount in C:\xampp\htdocs\OP_お見合い\index.php on line 190
[26-Jul-2020 18:20:25 Asia/Tokyo] PHP Stack trace:
[26-Jul-2020 18:20:25 Asia/Tokyo] PHP   1. {main}() C:\xampp\htdocs\OP_お見合い\index.php:0
[26-Jul-2020 18:20:29 Asia/Tokyo] POSTあり
[26-Jul-2020 18:20:29 Asia/Tokyo] PHP Notice:  Undefined index: knockDownCount in C:\xampp\htdocs\OP_お見合い\index.php on line 190
[26-Jul-2020 18:20:29 Asia/Tokyo] PHP Stack trace:
[26-Jul-2020 18:20:29 Asia/Tokyo] PHP   1. {main}() C:\xampp\htdocs\OP_お見合い\index.php:0
[26-Jul-2020 18:20:32 Asia/Tokyo] POSTあり
[26-Jul-2020 18:20:32 Asia/Tokyo] PHP Notice:  Undefined index: knockDownCount in C:\xampp\htdocs\OP_お見合い\index.php on line 190
[26-Jul-2020 18:20:32 Asia/Tokyo] PHP Stack trace:
[26-Jul-2020 18:20:32 Asia/Tokyo] PHP   1. {main}() C:\xampp\htdocs\OP_お見合い\index.php:0
[26-Jul-2020 18:20:37 Asia/Tokyo] POSTあり
[26-Jul-2020 18:20:37 Asia/Tokyo] PHP Fatal error:  Uncaught Error: Call to undefined function getStatus() in C:\xampp\htdocs\OP_お見合い\index.php:34
Stack trace:
#0 C:\xampp\htdocs\OP_お見合い\index.php(141): Woman->like(Object(Man))
#1 {main}
  thrown in C:\xampp\htdocs\OP_お見合い\index.php on line 34
[26-Jul-2020 18:26:26 Asia/Tokyo] PHP Warning:  session_start(): Failed to decode session object. Session has been destroyed in C:\xampp\htdocs\OP_お見合い\index.php on line 5
[26-Jul-2020 18:26:26 Asia/Tokyo] PHP Stack trace:
[26-Jul-2020 18:26:27 Asia/Tokyo] PHP   1. {main}() C:\xampp\htdocs\OP_お見合い\index.php:0
[26-Jul-2020 18:26:27 Asia/Tokyo] PHP   2. session_start() C:\xampp\htdocs\OP_お見合い\index.php:5
[26-Jul-2020 18:26:27 Asia/Tokyo] PHP Fatal error:  Uncaught Error: Cannot instantiate abstract class Human in C:\xampp\htdocs\OP_お見合い\index.php:5
Stack trace:
#0 C:\xampp\htdocs\OP_お見合い\index.php(5): session_start()
#1 {main}
  thrown in C:\xampp\htdocs\OP_お見合い\index.php on line 5
[26-Jul-2020 18:45:33 Asia/Tokyo] POSTあり
[26-Jul-2020 18:45:33 Asia/Tokyo] PHP Notice:  Undefined index: woman in C:\xampp\htdocs\OP_お見合い\index.php on line 140
[26-Jul-2020 18:45:33 Asia/Tokyo] PHP Stack trace:
[26-Jul-2020 18:45:33 Asia/Tokyo] PHP   1. {main}() C:\xampp\htdocs\OP_お見合い\index.php:0
[26-Jul-2020 18:45:33 Asia/Tokyo] PHP Fatal error:  Uncaught Error: Call to a member function getName() on null in C:\xampp\htdocs\OP_お見合い\index.php:140
Stack trace:
#0 {main}
  thrown in C:\xampp\htdocs\OP_お見合い\index.php on line 140
[26-Jul-2020 18:59:24 Asia/Tokyo] POSTあり
[26-Jul-2020 18:59:24 Asia/Tokyo] PHP Notice:  Undefined index: woman in C:\xampp\htdocs\OP_お見合い\index.php on line 140
[26-Jul-2020 18:59:24 Asia/Tokyo] PHP Stack trace:
[26-Jul-2020 18:59:24 Asia/Tokyo] PHP   1. {main}() C:\xampp\htdocs\OP_お見合い\index.php:0
[26-Jul-2020 18:59:24 Asia/Tokyo] PHP Fatal error:  Uncaught Error: Call to a member function getName() on null in C:\xampp\htdocs\OP_お見合い\index.php:140
Stack trace:
#0 {main}
  thrown in C:\xampp\htdocs\OP_お見合い\index.php on line 140
[26-Jul-2020 19:02:54 Asia/Tokyo] POSTあり
[26-Jul-2020 19:02:54 Asia/Tokyo] PHP Notice:  Undefined index: woman in C:\xampp\htdocs\OP_お見合い\index.php on line 140
[26-Jul-2020 19:02:54 Asia/Tokyo] PHP Stack trace:
[26-Jul-2020 19:02:55 Asia/Tokyo] PHP   1. {main}() C:\xampp\htdocs\OP_お見合い\index.php:0
[26-Jul-2020 19:02:55 Asia/Tokyo] PHP Fatal error:  Uncaught Error: Call to a member function getName() on null in C:\xampp\htdocs\OP_お見合い\index.php:140
Stack trace:
#0 {main}
  thrown in C:\xampp\htdocs\OP_お見合い\index.php on line 140
[26-Jul-2020 19:03:04 Asia/Tokyo] POSTあり
[26-Jul-2020 19:03:04 Asia/Tokyo] PHP Notice:  Undefined index: woman in C:\xampp\htdocs\OP_お見合い\index.php on line 141
[26-Jul-2020 19:03:04 Asia/Tokyo] PHP Stack trace:
[26-Jul-2020 19:03:04 Asia/Tokyo] PHP   1. {main}() C:\xampp\htdocs\OP_お見合い\index.php:0
[26-Jul-2020 19:03:04 Asia/Tokyo] PHP Fatal error:  Uncaught Error: Call to a member function like() on null in C:\xampp\htdocs\OP_お見合い\index.php:141
Stack trace:
#0 {main}
  thrown in C:\xampp\htdocs\OP_お見合い\index.php on line 141
[26-Jul-2020 19:30:46 Asia/Tokyo] POSTあり
[26-Jul-2020 19:30:46 Asia/Tokyo] PHP Notice:  Undefined index: woman in C:\xampp\htdocs\OP_お見合い\index.php on line 141
[26-Jul-2020 19:30:46 Asia/Tokyo] PHP Stack trace:
[26-Jul-2020 19:30:46 Asia/Tokyo] PHP   1. {main}() C:\xampp\htdocs\OP_お見合い\index.php:0
[26-Jul-2020 19:30:46 Asia/Tokyo] PHP Fatal error:  Uncaught Error: Call to a member function like() on null in C:\xampp\htdocs\OP_お見合い\index.php:141
Stack trace:
#0 {main}
  thrown in C:\xampp\htdocs\OP_お見合い\index.php on line 141
[27-Jul-2020 06:39:03 Asia/Tokyo] POSTあり
[27-Jul-2020 06:39:03 Asia/Tokyo] PHP Notice:  Undefined index: knockDownCount in C:\xampp\htdocs\OP_お見合い\index.php on line 191
[27-Jul-2020 06:39:03 Asia/Tokyo] PHP Stack trace:
[27-Jul-2020 06:39:03 Asia/Tokyo] PHP   1. {main}() C:\xampp\htdocs\OP_お見合い\index.php:0
[27-Jul-2020 06:39:03 Asia/Tokyo] PHP Fatal error:  Uncaught Error: Call to a member function getStatus() on array in C:\xampp\htdocs\OP_お見合い\index.php:192
Stack trace:
#0 {main}
  thrown in C:\xampp\htdocs\OP_お見合い\index.php on line 192
[27-Jul-2020 06:50:38 Asia/Tokyo] POSTあり
[27-Jul-2020 06:50:38 Asia/Tokyo] PHP Notice:  Undefined index: knockDownCount in C:\xampp\htdocs\OP_お見合い\index.php on line 191
[27-Jul-2020 06:50:38 Asia/Tokyo] PHP Stack trace:
[27-Jul-2020 06:50:38 Asia/Tokyo] PHP   1. {main}() C:\xampp\htdocs\OP_お見合い\index.php:0
[27-Jul-2020 06:50:38 Asia/Tokyo] PHP Fatal error:  Uncaught Error: Call to a member function getStatus() on array in C:\xampp\htdocs\OP_お見合い\index.php:192
Stack trace:
#0 {main}
  thrown in C:\xampp\htdocs\OP_お見合い\index.php on line 192
[27-Jul-2020 06:50:48 Asia/Tokyo] PHP Notice:  Undefined index: knockDownCount in C:\xampp\htdocs\OP_お見合い\index.php on line 191
[27-Jul-2020 06:50:48 Asia/Tokyo] PHP Stack trace:
[27-Jul-2020 06:50:48 Asia/Tokyo] PHP   1. {main}() C:\xampp\htdocs\OP_お見合い\index.php:0
[27-Jul-2020 06:50:48 Asia/Tokyo] PHP Fatal error:  Uncaught Error: Call to a member function getStatus() on array in C:\xampp\htdocs\OP_お見合い\index.php:192
Stack trace:
#0 {main}
  thrown in C:\xampp\htdocs\OP_お見合い\index.php on line 192
[27-Jul-2020 06:50:52 Asia/Tokyo] PHP Notice:  Undefined index: knockDownCount in C:\xampp\htdocs\OP_お見合い\index.php on line 191
[27-Jul-2020 06:50:52 Asia/Tokyo] PHP Stack trace:
[27-Jul-2020 06:50:52 Asia/Tokyo] PHP   1. {main}() C:\xampp\htdocs\OP_お見合い\index.php:0
[27-Jul-2020 06:50:52 Asia/Tokyo] PHP Fatal error:  Uncaught Error: Call to a member function getStatus() on array in C:\xampp\htdocs\OP_お見合い\index.php:192
Stack trace:
#0 {main}
  thrown in C:\xampp\htdocs\OP_お見合い\index.php on line 192
[27-Jul-2020 06:51:05 Asia/Tokyo] PHP Notice:  Undefined index: knockDownCount in C:\xampp\htdocs\OP_お見合い\index.php on line 191
[27-Jul-2020 06:51:05 Asia/Tokyo] PHP Stack trace:
[27-Jul-2020 06:51:05 Asia/Tokyo] PHP   1. {main}() C:\xampp\htdocs\OP_お見合い\index.php:0
[27-Jul-2020 06:51:05 Asia/Tokyo] PHP Fatal error:  Uncaught Error: Call to a member function getStatus() on array in C:\xampp\htdocs\OP_お見合い\index.php:192
Stack trace:
#0 {main}
  thrown in C:\xampp\htdocs\OP_お見合い\index.php on line 192
[27-Jul-2020 06:56:07 Asia/Tokyo] PHP Notice:  Undefined index: knockDownCount in C:\xampp\htdocs\OP_お見合い\index.php on line 192
[27-Jul-2020 06:56:07 Asia/Tokyo] PHP Stack trace:
[27-Jul-2020 06:56:07 Asia/Tokyo] PHP   1. {main}() C:\xampp\htdocs\OP_お見合い\index.php:0
[27-Jul-2020 06:56:07 Asia/Tokyo] PHP Fatal error:  Uncaught Error: Call to a member function getStatus() on array in C:\xampp\htdocs\OP_お見合い\index.php:193
Stack trace:
#0 {main}
  thrown in C:\xampp\htdocs\OP_お見合い\index.php on line 193
[27-Jul-2020 06:56:34 Asia/Tokyo] PHP Notice:  Undefined index: knockDownCount in C:\xampp\htdocs\OP_お見合い\index.php on line 192
[27-Jul-2020 06:56:34 Asia/Tokyo] PHP Stack trace:
[27-Jul-2020 06:56:34 Asia/Tokyo] PHP   1. {main}() C:\xampp\htdocs\OP_お見合い\index.php:0
[27-Jul-2020 06:56:34 Asia/Tokyo] PHP Fatal error:  Uncaught Error: Call to a member function getStatus() on array in C:\xampp\htdocs\OP_お見合い\index.php:193
Stack trace:
#0 {main}
  thrown in C:\xampp\htdocs\OP_お見合い\index.php on line 193
[27-Jul-2020 06:56:41 Asia/Tokyo] PHP Notice:  Undefined index: knockDownCount in C:\xampp\htdocs\OP_お見合い\index.php on line 192
[27-Jul-2020 06:56:41 Asia/Tokyo] PHP Stack trace:
[27-Jul-2020 06:56:41 Asia/Tokyo] PHP   1. {main}() C:\xampp\htdocs\OP_お見合い\index.php:0
[27-Jul-2020 06:56:41 Asia/Tokyo] PHP Fatal error:  Uncaught Error: Call to a member function getStatus() on array in C:\xampp\htdocs\OP_お見合い\index.php:193
Stack trace:
#0 {main}
  thrown in C:\xampp\htdocs\OP_お見合い\index.php on line 193
[27-Jul-2020 06:58:14 Asia/Tokyo] PHP Notice:  Undefined index: knockDownCount in C:\xampp\htdocs\OP_お見合い\index.php on line 191
[27-Jul-2020 06:58:14 Asia/Tokyo] PHP Stack trace:
[27-Jul-2020 06:58:14 Asia/Tokyo] PHP   1. {main}() C:\xampp\htdocs\OP_お見合い\index.php:0
[27-Jul-2020 06:58:14 Asia/Tokyo] PHP Fatal error:  Uncaught Error: Call to a member function getStatus() on array in C:\xampp\htdocs\OP_お見合い\index.php:192
Stack trace:
#0 {main}
  thrown in C:\xampp\htdocs\OP_お見合い\index.php on line 192
[27-Jul-2020 06:58:51 Asia/Tokyo] PHP Warning:  session_start(): Failed to decode session object. Session has been destroyed in C:\xampp\htdocs\OP_お見合い\index.php on line 5
[27-Jul-2020 06:58:51 Asia/Tokyo] PHP Stack trace:
[27-Jul-2020 06:58:51 Asia/Tokyo] PHP   1. {main}() C:\xampp\htdocs\OP_お見合い\index.php:0
[27-Jul-2020 06:58:51 Asia/Tokyo] PHP   2. session_start() C:\xampp\htdocs\OP_お見合い\index.php:5
[27-Jul-2020 06:58:51 Asia/Tokyo] PHP Fatal error:  Uncaught Error: Cannot instantiate abstract class Human in C:\xampp\htdocs\OP_お見合い\index.php:5
Stack trace:
#0 C:\xampp\htdocs\OP_お見合い\index.php(5): session_start()
#1 {main}
  thrown in C:\xampp\htdocs\OP_お見合い\index.php on line 5
[27-Jul-2020 06:59:16 Asia/Tokyo] POSTあり
[27-Jul-2020 06:59:16 Asia/Tokyo] PHP Notice:  Undefined index: mens in C:\xampp\htdocs\OP_お見合い\index.php on line 188
[27-Jul-2020 06:59:16 Asia/Tokyo] PHP Stack trace:
[27-Jul-2020 06:59:16 Asia/Tokyo] PHP   1. {main}() C:\xampp\htdocs\OP_お見合い\index.php:0
[27-Jul-2020 06:59:16 Asia/Tokyo] PHP Fatal error:  Uncaught Error: Call to a member function getImg() on null in C:\xampp\htdocs\OP_お見合い\index.php:188
Stack trace:
#0 {main}
  thrown in C:\xampp\htdocs\OP_お見合い\index.php on line 188
[27-Jul-2020 07:00:39 Asia/Tokyo] PHP Notice:  Undefined index: mens in C:\xampp\htdocs\OP_お見合い\index.php on line 188
[27-Jul-2020 07:00:39 Asia/Tokyo] PHP Stack trace:
[27-Jul-2020 07:00:39 Asia/Tokyo] PHP   1. {main}() C:\xampp\htdocs\OP_お見合い\index.php:0
[27-Jul-2020 07:00:39 Asia/Tokyo] PHP Fatal error:  Uncaught Error: Call to a member function getImg() on null in C:\xampp\htdocs\OP_お見合い\index.php:188
Stack trace:
#0 {main}
  thrown in C:\xampp\htdocs\OP_お見合い\index.php on line 188
[27-Jul-2020 07:00:43 Asia/Tokyo] PHP Notice:  Undefined index: mens in C:\xampp\htdocs\OP_お見合い\index.php on line 188
[27-Jul-2020 07:00:43 Asia/Tokyo] PHP Stack trace:
[27-Jul-2020 07:00:43 Asia/Tokyo] PHP   1. {main}() C:\xampp\htdocs\OP_お見合い\index.php:0
[27-Jul-2020 07:00:43 Asia/Tokyo] PHP Fatal error:  Uncaught Error: Call to a member function getImg() on null in C:\xampp\htdocs\OP_お見合い\index.php:188
Stack trace:
#0 {main}
  thrown in C:\xampp\htdocs\OP_お見合い\index.php on line 188
[27-Jul-2020 07:00:47 Asia/Tokyo] PHP Notice:  Undefined index: mens in C:\xampp\htdocs\OP_お見合い\index.php on line 188
[27-Jul-2020 07:00:47 Asia/Tokyo] PHP Stack trace:
[27-Jul-2020 07:00:47 Asia/Tokyo] PHP   1. {main}() C:\xampp\htdocs\OP_お見合い\index.php:0
[27-Jul-2020 07:00:47 Asia/Tokyo] PHP Fatal error:  Uncaught Error: Call to a member function getImg() on null in C:\xampp\htdocs\OP_お見合い\index.php:188
Stack trace:
#0 {main}
  thrown in C:\xampp\htdocs\OP_お見合い\index.php on line 188
[27-Jul-2020 07:04:53 Asia/Tokyo] PHP Warning:  session_start(): Failed to decode session object. Session has been destroyed in C:\xampp\htdocs\OP_お見合い\index.php on line 5
[27-Jul-2020 07:04:53 Asia/Tokyo] PHP Stack trace:
[27-Jul-2020 07:04:53 Asia/Tokyo] PHP   1. {main}() C:\xampp\htdocs\OP_お見合い\index.php:0
[27-Jul-2020 07:04:53 Asia/Tokyo] PHP   2. session_start() C:\xampp\htdocs\OP_お見合い\index.php:5
[27-Jul-2020 07:04:53 Asia/Tokyo] PHP Fatal error:  Uncaught Error: Cannot instantiate abstract class Human in C:\xampp\htdocs\OP_お見合い\index.php:5
Stack trace:
#0 C:\xampp\htdocs\OP_お見合い\index.php(5): session_start()
#1 {main}
  thrown in C:\xampp\htdocs\OP_お見合い\index.php on line 5
[27-Jul-2020 07:04:58 Asia/Tokyo] POSTあり
[27-Jul-2020 07:04:58 Asia/Tokyo] PHP Notice:  Undefined index: knockDownCount in C:\xampp\htdocs\OP_お見合い\index.php on line 191
[27-Jul-2020 07:04:58 Asia/Tokyo] PHP Stack trace:
[27-Jul-2020 07:04:58 Asia/Tokyo] PHP   1. {main}() C:\xampp\htdocs\OP_お見合い\index.php:0
[27-Jul-2020 07:04:58 Asia/Tokyo] PHP Fatal error:  Uncaught Error: Call to a member function getStatus() on array in C:\xampp\htdocs\OP_お見合い\index.php:192
Stack trace:
#0 {main}
  thrown in C:\xampp\htdocs\OP_お見合い\index.php on line 192
[27-Jul-2020 07:05:43 Asia/Tokyo] POSTあり
[27-Jul-2020 07:05:43 Asia/Tokyo] PHP Notice:  Undefined index: knockDownCount in C:\xampp\htdocs\OP_お見合い\index.php on line 191
[27-Jul-2020 07:05:43 Asia/Tokyo] PHP Stack trace:
[27-Jul-2020 07:05:43 Asia/Tokyo] PHP   1. {main}() C:\xampp\htdocs\OP_お見合い\index.php:0
[27-Jul-2020 07:05:43 Asia/Tokyo] PHP Fatal error:  Uncaught Error: Call to a member function getStatus() on array in C:\xampp\htdocs\OP_お見合い\index.php:192
Stack trace:
#0 {main}
  thrown in C:\xampp\htdocs\OP_お見合い\index.php on line 192
[27-Jul-2020 07:06:32 Asia/Tokyo] POSTあり
[27-Jul-2020 07:06:32 Asia/Tokyo] PHP Notice:  Undefined index: knockDownCount in C:\xampp\htdocs\OP_お見合い\index.php on line 191
[27-Jul-2020 07:06:32 Asia/Tokyo] PHP Stack trace:
[27-Jul-2020 07:06:32 Asia/Tokyo] PHP   1. {main}() C:\xampp\htdocs\OP_お見合い\index.php:0
[27-Jul-2020 07:06:32 Asia/Tokyo] PHP Fatal error:  Uncaught Error: Call to a member function getStatus() on array in C:\xampp\htdocs\OP_お見合い\index.php:192
Stack trace:
#0 {main}
  thrown in C:\xampp\htdocs\OP_お見合い\index.php on line 192
[27-Jul-2020 07:07:22 Asia/Tokyo] POSTあり
[27-Jul-2020 07:07:22 Asia/Tokyo] PHP Notice:  Undefined index: knockDownCount in C:\xampp\htdocs\OP_お見合い\index.php on line 191
[27-Jul-2020 07:07:22 Asia/Tokyo] PHP Stack trace:
[27-Jul-2020 07:07:22 Asia/Tokyo] PHP   1. {main}() C:\xampp\htdocs\OP_お見合い\index.php:0
[27-Jul-2020 07:07:22 Asia/Tokyo] PHP Fatal error:  Uncaught Error: Call to a member function getStatus() on array in C:\xampp\htdocs\OP_お見合い\index.php:192
Stack trace:
#0 {main}
  thrown in C:\xampp\htdocs\OP_お見合い\index.php on line 192
[27-Jul-2020 07:08:01 Asia/Tokyo] POSTあり
[27-Jul-2020 07:08:01 Asia/Tokyo] PHP Fatal error:  Uncaught Error: Call to a member function getStatus() on array in C:\xampp\htdocs\OP_お見合い\index.php:192
Stack trace:
#0 {main}
  thrown in C:\xampp\htdocs\OP_お見合い\index.php on line 192
[27-Jul-2020 07:08:22 Asia/Tokyo] POSTあり
[27-Jul-2020 07:08:29 Asia/Tokyo] POSTあり
[27-Jul-2020 07:08:31 Asia/Tokyo] POSTあり
[27-Jul-2020 07:08:33 Asia/Tokyo] POSTあり
[27-Jul-2020 07:08:33 Asia/Tokyo] PHP Fatal error:  Uncaught Error: Call to a member function getStatus() on array in C:\xampp\htdocs\OP_お見合い\index.php:149
Stack trace:
#0 {main}
  thrown in C:\xampp\htdocs\OP_お見合い\index.php on line 149
[27-Jul-2020 07:08:45 Asia/Tokyo] POSTあり
[27-Jul-2020 07:09:13 Asia/Tokyo] POSTあり
[27-Jul-2020 07:09:13 Asia/Tokyo] PHP Fatal error:  Uncaught Error: Call to a member function getName() on array in C:\xampp\htdocs\OP_お見合い\index.php:140
Stack trace:
#0 {main}
  thrown in C:\xampp\htdocs\OP_お見合い\index.php on line 140
[27-Jul-2020 07:10:26 Asia/Tokyo] POSTあり
[27-Jul-2020 07:10:26 Asia/Tokyo] PHP Fatal error:  Uncaught Error: Call to a member function getName() on array in C:\xampp\htdocs\OP_お見合い\index.php:140
Stack trace:
#0 {main}
  thrown in C:\xampp\htdocs\OP_お見合い\index.php on line 140
[27-Jul-2020 07:10:33 Asia/Tokyo] POSTあり
[27-Jul-2020 07:10:39 Asia/Tokyo] POSTあり
[27-Jul-2020 07:10:39 Asia/Tokyo] PHP Fatal error:  Uncaught Error: Call to a member function getName() on array in C:\xampp\htdocs\OP_お見合い\index.php:131
Stack trace:
#0 {main}
  thrown in C:\xampp\htdocs\OP_お見合い\index.php on line 131
[27-Jul-2020 07:13:17 Asia/Tokyo] PHP Fatal error:  Uncaught Error: Call to a member function koko() on array in C:\xampp\htdocs\OP_お見合い\index.php:92
Stack trace:
#0 {main}
  thrown in C:\xampp\htdocs\OP_お見合い\index.php on line 92
[27-Jul-2020 07:14:16 Asia/Tokyo] POSTあり
[27-Jul-2020 07:14:21 Asia/Tokyo] POSTあり
[27-Jul-2020 07:14:23 Asia/Tokyo] POSTあり
[27-Jul-2020 07:14:25 Asia/Tokyo] POSTあり
[27-Jul-2020 07:14:27 Asia/Tokyo] POSTあり
[27-Jul-2020 07:14:27 Asia/Tokyo] PHP Fatal error:  Uncaught Error: Call to a member function getStatus() on array in C:\xampp\htdocs\OP_お見合い\index.php:150
Stack trace:
#0 {main}
  thrown in C:\xampp\htdocs\OP_お見合い\index.php on line 150
[27-Jul-2020 07:14:42 Asia/Tokyo] POSTあり
[27-Jul-2020 07:21:46 Asia/Tokyo] POSTあり
[27-Jul-2020 07:26:00 Asia/Tokyo] POSTあり
[27-Jul-2020 07:26:56 Asia/Tokyo] POSTあり
[27-Jul-2020 07:27:16 Asia/Tokyo] POSTあり
[27-Jul-2020 07:27:44 Asia/Tokyo] POSTあり
[27-Jul-2020 07:27:58 Asia/Tokyo] POSTあり
[27-Jul-2020 07:28:01 Asia/Tokyo] POSTあり
[27-Jul-2020 07:28:04 Asia/Tokyo] POSTあり
[27-Jul-2020 07:28:04 Asia/Tokyo] PHP Fatal error:  Uncaught Error: Call to a member function getStatus() on array in C:\xampp\htdocs\OP_お見合い\index.php:150
Stack trace:
#0 {main}
  thrown in C:\xampp\htdocs\OP_お見合い\index.php on line 150
[27-Jul-2020 07:28:17 Asia/Tokyo] POSTあり
[27-Jul-2020 07:29:00 Asia/Tokyo] POSTあり
[27-Jul-2020 07:29:03 Asia/Tokyo] POSTあり
[27-Jul-2020 07:29:03 Asia/Tokyo] PHP Fatal error:  Uncaught Error: Call to a member function getStatus() on array in C:\xampp\htdocs\OP_お見合い\index.php:150
Stack trace:
#0 {main}
  thrown in C:\xampp\htdocs\OP_お見合い\index.php on line 150
[27-Jul-2020 07:29:12 Asia/Tokyo] POSTあり
[27-Jul-2020 07:30:42 Asia/Tokyo] POSTあり
[27-Jul-2020 07:30:54 Asia/Tokyo] POSTあり
[27-Jul-2020 07:30:54 Asia/Tokyo] PHP Fatal error:  Uncaught Error: Call to a member function getName() on array in C:\xampp\htdocs\OP_お見合い\index.php:141
Stack trace:
#0 {main}
  thrown in C:\xampp\htdocs\OP_お見合い\index.php on line 141
[27-Jul-2020 07:31:00 Asia/Tokyo] POSTあり
[27-Jul-2020 07:31:00 Asia/Tokyo] PHP Fatal error:  Uncaught Error: Call to a member function getName() on array in C:\xampp\htdocs\OP_お見合い\index.php:141
Stack trace:
#0 {main}
  thrown in C:\xampp\htdocs\OP_お見合い\index.php on line 141
[27-Jul-2020 07:31:24 Asia/Tokyo] POSTあり
[27-Jul-2020 07:31:24 Asia/Tokyo] PHP Fatal error:  Uncaught Error: Call to a member function getName() on array in C:\xampp\htdocs\OP_お見合い\index.php:141
Stack trace:
#0 {main}
  thrown in C:\xampp\htdocs\OP_お見合い\index.php on line 141
[27-Jul-2020 07:31:31 Asia/Tokyo] POSTあり
[27-Jul-2020 07:31:31 Asia/Tokyo] PHP Fatal error:  Uncaught Error: Call to a member function getName() on array in C:\xampp\htdocs\OP_お見合い\index.php:141
Stack trace:
#0 {main}
  thrown in C:\xampp\htdocs\OP_お見合い\index.php on line 141
[27-Jul-2020 07:31:35 Asia/Tokyo] POSTあり
[27-Jul-2020 07:31:39 Asia/Tokyo] POSTあり
[27-Jul-2020 07:31:39 Asia/Tokyo] PHP Fatal error:  Uncaught Error: Call to a member function getName() on array in C:\xampp\htdocs\OP_お見合い\index.php:141
Stack trace:
#0 {main}
  thrown in C:\xampp\htdocs\OP_お見合い\index.php on line 141
[27-Jul-2020 07:32:32 Asia/Tokyo] POSTあり
[27-Jul-2020 07:32:32 Asia/Tokyo] PHP Fatal error:  Uncaught Error: Call to a member function getName() on array in C:\xampp\htdocs\OP_お見合い\index.php:141
Stack trace:
#0 {main}
  thrown in C:\xampp\htdocs\OP_お見合い\index.php on line 141
[27-Jul-2020 07:32:37 Asia/Tokyo] POSTあり
[27-Jul-2020 07:35:00 Asia/Tokyo] POSTあり
[27-Jul-2020 07:35:30 Asia/Tokyo] POSTあり
[27-Jul-2020 07:35:42 Asia/Tokyo] POSTあり
[27-Jul-2020 07:35:48 Asia/Tokyo] POSTあり
[27-Jul-2020 07:35:51 Asia/Tokyo] POSTあり
[27-Jul-2020 07:38:14 Asia/Tokyo] POSTあり
[27-Jul-2020 07:38:14 Asia/Tokyo] PHP Notice:  Undefined index: knockDownCount in C:\xampp\htdocs\OP_お見合い\index.php on line 192
[27-Jul-2020 07:38:14 Asia/Tokyo] PHP Stack trace:
[27-Jul-2020 07:38:14 Asia/Tokyo] PHP   1. {main}() C:\xampp\htdocs\OP_お見合い\index.php:0
[27-Jul-2020 07:38:14 Asia/Tokyo] PHP Fatal error:  Uncaught Error: Call to a member function getStatus() on array in C:\xampp\htdocs\OP_お見合い\index.php:193
Stack trace:
#0 {main}
  thrown in C:\xampp\htdocs\OP_お見合い\index.php on line 193
[27-Jul-2020 18:12:34 Asia/Tokyo] POSTあり
[27-Jul-2020 18:12:34 Asia/Tokyo] PHP Notice:  Undefined index: knockDownCount in C:\xampp\htdocs\OP_お見合い\index.php on line 192
[27-Jul-2020 18:12:34 Asia/Tokyo] PHP Stack trace:
[27-Jul-2020 18:12:34 Asia/Tokyo] PHP   1. {main}() C:\xampp\htdocs\OP_お見合い\index.php:0
[27-Jul-2020 18:12:34 Asia/Tokyo] PHP Fatal error:  Uncaught Error: Call to a member function getStatus() on array in C:\xampp\htdocs\OP_お見合い\index.php:193
Stack trace:
#0 {main}
  thrown in C:\xampp\htdocs\OP_お見合い\index.php on line 193
[27-Jul-2020 18:13:15 Asia/Tokyo] POSTあり
[27-Jul-2020 18:13:15 Asia/Tokyo] PHP Notice:  Undefined index: knockDownCount in C:\xampp\htdocs\OP_お見合い\index.php on line 192
[27-Jul-2020 18:13:15 Asia/Tokyo] PHP Stack trace:
[27-Jul-2020 18:13:15 Asia/Tokyo] PHP   1. {main}() C:\xampp\htdocs\OP_お見合い\index.php:0
[27-Jul-2020 18:13:15 Asia/Tokyo] PHP Fatal error:  Uncaught Error: Call to a member function getStatus() on array in C:\xampp\htdocs\OP_お見合い\index.php:193
Stack trace:
#0 {main}
  thrown in C:\xampp\htdocs\OP_お見合い\index.php on line 193
[27-Jul-2020 18:13:30 Asia/Tokyo] POSTあり
[27-Jul-2020 18:13:30 Asia/Tokyo] PHP Notice:  Undefined index: knockDownCount in C:\xampp\htdocs\OP_お見合い\index.php on line 192
[27-Jul-2020 18:13:30 Asia/Tokyo] PHP Stack trace:
[27-Jul-2020 18:13:30 Asia/Tokyo] PHP   1. {main}() C:\xampp\htdocs\OP_お見合い\index.php:0
[27-Jul-2020 18:13:30 Asia/Tokyo] PHP Fatal error:  Uncaught Error: Call to a member function getStatus() on array in C:\xampp\htdocs\OP_お見合い\index.php:193
Stack trace:
#0 {main}
  thrown in C:\xampp\htdocs\OP_お見合い\index.php on line 193
[27-Jul-2020 18:14:25 Asia/Tokyo] PHP Notice:  Undefined index: knockDownCount in C:\xampp\htdocs\OP_お見合い\index.php on line 192
[27-Jul-2020 18:14:25 Asia/Tokyo] PHP Stack trace:
[27-Jul-2020 18:14:25 Asia/Tokyo] PHP   1. {main}() C:\xampp\htdocs\OP_お見合い\index.php:0
[27-Jul-2020 18:14:25 Asia/Tokyo] PHP Fatal error:  Uncaught Error: Call to a member function getStatus() on array in C:\xampp\htdocs\OP_お見合い\index.php:193
Stack trace:
#0 {main}
  thrown in C:\xampp\htdocs\OP_お見合い\index.php on line 193
[27-Jul-2020 18:17:12 Asia/Tokyo] PHP Notice:  Undefined index: knockDownCount in C:\xampp\htdocs\OP_お見合い\index.php on line 192
[27-Jul-2020 18:17:12 Asia/Tokyo] PHP Stack trace:
[27-Jul-2020 18:17:12 Asia/Tokyo] PHP   1. {main}() C:\xampp\htdocs\OP_お見合い\index.php:0
[27-Jul-2020 18:17:12 Asia/Tokyo] PHP Fatal error:  Uncaught Error: Call to a member function getStatus() on array in C:\xampp\htdocs\OP_お見合い\index.php:193
Stack trace:
#0 {main}
  thrown in C:\xampp\htdocs\OP_お見合い\index.php on line 193
[27-Jul-2020 18:18:10 Asia/Tokyo] POSTあり
[27-Jul-2020 18:18:10 Asia/Tokyo] PHP Notice:  Undefined index: knockDownCount in C:\xampp\htdocs\OP_お見合い\index.php on line 192
[27-Jul-2020 18:18:10 Asia/Tokyo] PHP Stack trace:
[27-Jul-2020 18:18:10 Asia/Tokyo] PHP   1. {main}() C:\xampp\htdocs\OP_お見合い\index.php:0
[27-Jul-2020 18:18:10 Asia/Tokyo] PHP Fatal error:  Uncaught Error: Call to a member function getStatus() on array in C:\xampp\htdocs\OP_お見合い\index.php:193
Stack trace:
#0 {main}
  thrown in C:\xampp\htdocs\OP_お見合い\index.php on line 193
[27-Jul-2020 18:33:29 Asia/Tokyo] PHP Warning:  session_start(): Failed to decode session object. Session has been destroyed in C:\xampp\htdocs\OP_お見合い\index.php on line 5
[27-Jul-2020 18:33:29 Asia/Tokyo] PHP Stack trace:
[27-Jul-2020 18:33:29 Asia/Tokyo] PHP   1. {main}() C:\xampp\htdocs\OP_お見合い\index.php:0
[27-Jul-2020 18:33:29 Asia/Tokyo] PHP   2. session_start() C:\xampp\htdocs\OP_お見合い\index.php:5
[27-Jul-2020 18:33:29 Asia/Tokyo] PHP Fatal error:  Uncaught Error: Cannot instantiate abstract class Human in C:\xampp\htdocs\OP_お見合い\index.php:5
Stack trace:
#0 C:\xampp\htdocs\OP_お見合い\index.php(5): session_start()
#1 {main}
  thrown in C:\xampp\htdocs\OP_お見合い\index.php on line 5
[27-Jul-2020 18:33:49 Asia/Tokyo] POSTあり
[27-Jul-2020 18:33:49 Asia/Tokyo] PHP Fatal error:  Uncaught Error: Call to a member function getStatus() on array in C:\xampp\htdocs\OP_お見合い\index.php:193
Stack trace:
#0 {main}
  thrown in C:\xampp\htdocs\OP_お見合い\index.php on line 193
[27-Jul-2020 18:36:09 Asia/Tokyo] POSTあり
[27-Jul-2020 18:36:20 Asia/Tokyo] POSTあり
[27-Jul-2020 18:36:20 Asia/Tokyo] PHP Fatal error:  Uncaught Error: Call to a member function getName() on array in C:\xampp\htdocs\OP_お見合い\index.php:141
Stack trace:
#0 {main}
  thrown in C:\xampp\htdocs\OP_お見合い\index.php on line 141
[27-Jul-2020 18:50:03 Asia/Tokyo] POSTあり
[27-Jul-2020 18:50:03 Asia/Tokyo] PHP Fatal error:  Uncaught Error: Call to a member function getName() on array in C:\xampp\htdocs\OP_お見合い\index.php:141
Stack trace:
#0 {main}
  thrown in C:\xampp\htdocs\OP_お見合い\index.php on line 141
[27-Jul-2020 18:50:30 Asia/Tokyo] POSTあり
[27-Jul-2020 18:50:30 Asia/Tokyo] PHP Fatal error:  Uncaught Error: Call to a member function getStatus() on array in C:\xampp\htdocs\OP_お見合い\index.php:150
Stack trace:
#0 {main}
  thrown in C:\xampp\htdocs\OP_お見合い\index.php on line 150
[27-Jul-2020 18:51:09 Asia/Tokyo] POSTあり
[27-Jul-2020 18:51:16 Asia/Tokyo] POSTあり
[27-Jul-2020 18:51:18 Asia/Tokyo] POSTあり
[27-Jul-2020 18:51:20 Asia/Tokyo] POSTあり
[27-Jul-2020 18:51:22 Asia/Tokyo] POSTあり
[27-Jul-2020 18:51:22 Asia/Tokyo] PHP Fatal error:  Uncaught Error: Call to a member function getName() on array in C:\xampp\htdocs\OP_お見合い\index.php:132
Stack trace:
#0 {main}
  thrown in C:\xampp\htdocs\OP_お見合い\index.php on line 132
[27-Jul-2020 18:52:33 Asia/Tokyo] POSTあり
[27-Jul-2020 18:52:33 Asia/Tokyo] PHP Fatal error:  Uncaught Error: Call to undefined function mt_land() in C:\xampp\htdocs\OP_お見合い\index.php:66
Stack trace:
#0 C:\xampp\htdocs\OP_お見合い\index.php(137): Man->likeMan(Array)
#1 {main}
  thrown in C:\xampp\htdocs\OP_お見合い\index.php on line 66
[27-Jul-2020 18:53:08 Asia/Tokyo] POSTあり
[27-Jul-2020 18:53:08 Asia/Tokyo] PHP Fatal error:  Uncaught Error: Call to a member function getName() on array in C:\xampp\htdocs\OP_お見合い\index.php:132
Stack trace:
#0 {main}
  thrown in C:\xampp\htdocs\OP_お見合い\index.php on line 132
[28-Jul-2020 07:10:44 Asia/Tokyo] POSTあり
[28-Jul-2020 07:10:46 Asia/Tokyo] POSTあり
[28-Jul-2020 07:10:47 Asia/Tokyo] POSTあり
[28-Jul-2020 07:10:49 Asia/Tokyo] POSTあり
[28-Jul-2020 07:10:51 Asia/Tokyo] POSTあり
[28-Jul-2020 07:10:53 Asia/Tokyo] POSTあり
[28-Jul-2020 07:10:55 Asia/Tokyo] POSTあり
[28-Jul-2020 07:11:00 Asia/Tokyo] POSTあり
[28-Jul-2020 07:11:02 Asia/Tokyo] POSTあり
[28-Jul-2020 07:11:03 Asia/Tokyo] POSTあり
[28-Jul-2020 07:11:04 Asia/Tokyo] POSTあり
[28-Jul-2020 07:11:05 Asia/Tokyo] POSTあり
[28-Jul-2020 07:11:07 Asia/Tokyo] POSTあり
[28-Jul-2020 07:11:09 Asia/Tokyo] POSTあり
[28-Jul-2020 07:11:09 Asia/Tokyo] PHP Fatal error:  Uncaught Error: Call to a member function getStatus() on array in C:\xampp\htdocs\OP_お見合い\index.php:150
Stack trace:
#0 {main}
  thrown in C:\xampp\htdocs\OP_お見合い\index.php on line 150
[28-Jul-2020 07:14:14 Asia/Tokyo] POSTあり
[28-Jul-2020 07:14:14 Asia/Tokyo] PHP Fatal error:  Uncaught Error: Call to a member function getStatus() on array in C:\xampp\htdocs\OP_お見合い\index.php:150
Stack trace:
#0 {main}
  thrown in C:\xampp\htdocs\OP_お見合い\index.php on line 150
[28-Jul-2020 07:14:32 Asia/Tokyo] POSTあり
[28-Jul-2020 07:14:32 Asia/Tokyo] PHP Fatal error:  Uncaught Error: Call to a member function getStatus() on array in C:\xampp\htdocs\OP_お見合い\index.php:150
Stack trace:
#0 {main}
  thrown in C:\xampp\htdocs\OP_お見合い\index.php on line 150
[28-Jul-2020 07:14:37 Asia/Tokyo] POSTあり
[28-Jul-2020 07:14:37 Asia/Tokyo] PHP Fatal error:  Uncaught Error: Call to a member function getStatus() on array in C:\xampp\htdocs\OP_お見合い\index.php:150
Stack trace:
#0 {main}
  thrown in C:\xampp\htdocs\OP_お見合い\index.php on line 150
[28-Jul-2020 07:14:48 Asia/Tokyo] POSTあり
[28-Jul-2020 07:14:52 Asia/Tokyo] POSTあり
[28-Jul-2020 07:14:52 Asia/Tokyo] PHP Fatal error:  Uncaught Error: Call to a member function getName() on array in C:\xampp\htdocs\OP_お見合い\index.php:132
Stack trace:
#0 {main}
  thrown in C:\xampp\htdocs\OP_お見合い\index.php on line 132
[28-Jul-2020 07:23:10 Asia/Tokyo] POSTあり
[28-Jul-2020 07:23:13 Asia/Tokyo] POSTあり
[28-Jul-2020 07:23:16 Asia/Tokyo] POSTあり
[28-Jul-2020 07:23:16 Asia/Tokyo] PHP Fatal error:  Uncaught Error: Call to a member function getName() on array in C:\xampp\htdocs\OP_お見合い\index.php:141
Stack trace:
#0 {main}
  thrown in C:\xampp\htdocs\OP_お見合い\index.php on line 141
[28-Jul-2020 07:30:49 Asia/Tokyo] PHP Fatal error:  Uncaught Error: Cannot call constructor in C:\xampp\htdocs\OP_お見合い\index.php:29
Stack trace:
#0 C:\xampp\htdocs\OP_お見合い\index.php(91): Woman->__construct('\xE3\x81\x82\xE3\x81\x8D', 100)
#1 {main}
  thrown in C:\xampp\htdocs\OP_お見合い\index.php on line 29
[28-Jul-2020 07:31:28 Asia/Tokyo] POSTあり
[28-Jul-2020 07:31:28 Asia/Tokyo] PHP Fatal error:  Uncaught Error: Call to a member function getName() on array in C:\xampp\htdocs\OP_お見合い\index.php:132
Stack trace:
#0 {main}
  thrown in C:\xampp\htdocs\OP_お見合い\index.php on line 132
[28-Jul-2020 07:32:56 Asia/Tokyo] POSTあり
[28-Jul-2020 07:34:07 Asia/Tokyo] POSTあり
[28-Jul-2020 07:34:07 Asia/Tokyo] PHP Fatal error:  Uncaught Error: Call to a member function getName() on array in C:\xampp\htdocs\OP_お見合い\index.php:133
Stack trace:
#0 {main}
  thrown in C:\xampp\htdocs\OP_お見合い\index.php on line 133
[28-Jul-2020 18:15:30 Asia/Tokyo] POSTあり
[28-Jul-2020 18:15:30 Asia/Tokyo] PHP Fatal error:  Uncaught Error: Call to a member function getName() on array in C:\xampp\htdocs\OP_お見合い\index.php:130
Stack trace:
#0 {main}
  thrown in C:\xampp\htdocs\OP_お見合い\index.php on line 130
[28-Jul-2020 18:15:38 Asia/Tokyo] POSTあり
[28-Jul-2020 18:15:46 Asia/Tokyo] POSTあり
[28-Jul-2020 18:15:51 Asia/Tokyo] POSTあり
[28-Jul-2020 18:15:53 Asia/Tokyo] POSTあり
[28-Jul-2020 18:15:55 Asia/Tokyo] POSTあり
[28-Jul-2020 18:15:55 Asia/Tokyo] PHP Fatal error:  Uncaught Error: Call to undefined function getStatus() in C:\xampp\htdocs\OP_お見合い\index.php:32
Stack trace:
#0 C:\xampp\htdocs\OP_お見合い\index.php(131): Woman->like(Object(Man))
#1 {main}
  thrown in C:\xampp\htdocs\OP_お見合い\index.php on line 32
[28-Jul-2020 18:17:25 Asia/Tokyo] POSTあり
[28-Jul-2020 18:17:30 Asia/Tokyo] POSTあり
[28-Jul-2020 18:17:30 Asia/Tokyo] PHP Notice:  Undefined variable: lovePoint in C:\xampp\htdocs\OP_お見合い\index.php on line 37
[28-Jul-2020 18:17:30 Asia/Tokyo] PHP Stack trace:
[28-Jul-2020 18:17:30 Asia/Tokyo] PHP   1. {main}() C:\xampp\htdocs\OP_お見合い\index.php:0
[28-Jul-2020 18:17:30 Asia/Tokyo] PHP   2. Woman->love() C:\xampp\htdocs\OP_お見合い\index.php:140
[28-Jul-2020 18:17:30 Asia/Tokyo] PHP Fatal error:  Uncaught Error: Call to undefined function getName() in C:\xampp\htdocs\OP_お見合い\index.php:143
Stack trace:
#0 {main}
  thrown in C:\xampp\htdocs\OP_お見合い\index.php on line 143
[28-Jul-2020 18:17:51 Asia/Tokyo] POSTあり
[28-Jul-2020 18:17:56 Asia/Tokyo] POSTあり
[28-Jul-2020 18:17:59 Asia/Tokyo] POSTあり
[28-Jul-2020 18:18:01 Asia/Tokyo] POSTあり
[28-Jul-2020 18:18:03 Asia/Tokyo] POSTあり
[28-Jul-2020 18:18:03 Asia/Tokyo] PHP Fatal error:  Uncaught Error: Call to undefined function getStatus() in C:\xampp\htdocs\OP_お見合い\index.php:32
Stack trace:
#0 C:\xampp\htdocs\OP_お見合い\index.php(131): Woman->like(Object(Man))
#1 {main}
  thrown in C:\xampp\htdocs\OP_お見合い\index.php on line 32
[28-Jul-2020 18:18:16 Asia/Tokyo] POSTあり
[28-Jul-2020 18:18:19 Asia/Tokyo] POSTあり
[28-Jul-2020 18:18:19 Asia/Tokyo] PHP Notice:  Undefined variable: lovePoint in C:\xampp\htdocs\OP_お見合い\index.php on line 37
[28-Jul-2020 18:18:19 Asia/Tokyo] PHP Stack trace:
[28-Jul-2020 18:18:19 Asia/Tokyo] PHP   1. {main}() C:\xampp\htdocs\OP_お見合い\index.php:0
[28-Jul-2020 18:18:19 Asia/Tokyo] PHP   2. Woman->love() C:\xampp\htdocs\OP_お見合い\index.php:140
[28-Jul-2020 18:18:19 Asia/Tokyo] PHP Fatal error:  Uncaught Error: Call to undefined function getName() in C:\xampp\htdocs\OP_お見合い\index.php:143
Stack trace:
#0 {main}
  thrown in C:\xampp\htdocs\OP_お見合い\index.php on line 143
[28-Jul-2020 18:18:28 Asia/Tokyo] POSTあり
[28-Jul-2020 18:20:44 Asia/Tokyo] POSTあり
[28-Jul-2020 18:20:44 Asia/Tokyo] PHP Fatal error:  Uncaught Error: Call to undefined function getStatus() in C:\xampp\htdocs\OP_お見合い\index.php:32
Stack trace:
#0 C:\xampp\htdocs\OP_お見合い\index.php(131): Woman->like(Object(Man))
#1 {main}
  thrown in C:\xampp\htdocs\OP_お見合い\index.php on line 32
[28-Jul-2020 18:29:12 Asia/Tokyo] POSTあり
[28-Jul-2020 18:29:12 Asia/Tokyo] PHP Fatal error:  Uncaught Error: Call to undefined function mt_land() in C:\xampp\htdocs\OP_お見合い\index.php:64
Stack trace:
#0 C:\xampp\htdocs\OP_お見合い\index.php(135): Man->likeMan(Object(Woman))
#1 {main}
  thrown in C:\xampp\htdocs\OP_お見合い\index.php on line 64
[28-Jul-2020 18:30:27 Asia/Tokyo] POSTあり
[28-Jul-2020 18:30:31 Asia/Tokyo] POSTあり
[28-Jul-2020 18:30:31 Asia/Tokyo] PHP Fatal error:  Uncaught Error: Call to undefined function mt_land() in C:\xampp\htdocs\OP_お見合い\index.php:64
Stack trace:
#0 C:\xampp\htdocs\OP_お見合い\index.php(135): Man->likeMan(Object(Woman))
#1 {main}
  thrown in C:\xampp\htdocs\OP_お見合い\index.php on line 64
[28-Jul-2020 18:30:47 Asia/Tokyo] POSTあり
[28-Jul-2020 18:30:50 Asia/Tokyo] POSTあり
[28-Jul-2020 18:30:50 Asia/Tokyo] PHP Notice:  Undefined variable: lovePoint in C:\xampp\htdocs\OP_お見合い\index.php on line 37
[28-Jul-2020 18:30:50 Asia/Tokyo] PHP Stack trace:
[28-Jul-2020 18:30:50 Asia/Tokyo] PHP   1. {main}() C:\xampp\htdocs\OP_お見合い\index.php:0
[28-Jul-2020 18:30:50 Asia/Tokyo] PHP   2. Woman->love() C:\xampp\htdocs\OP_お見合い\index.php:140
[28-Jul-2020 18:30:50 Asia/Tokyo] PHP Fatal error:  Uncaught Error: Call to undefined function getName() in C:\xampp\htdocs\OP_お見合い\index.php:143
Stack trace:
#0 {main}
  thrown in C:\xampp\htdocs\OP_お見合い\index.php on line 143
[28-Jul-2020 18:31:40 Asia/Tokyo] POSTあり
[28-Jul-2020 18:31:40 Asia/Tokyo] PHP Notice:  Undefined variable: likePoint in C:\xampp\htdocs\OP_お見合い\index.php on line 38
[28-Jul-2020 18:31:40 Asia/Tokyo] PHP Stack trace:
[28-Jul-2020 18:31:40 Asia/Tokyo] PHP   1. {main}() C:\xampp\htdocs\OP_お見合い\index.php:0
[28-Jul-2020 18:31:40 Asia/Tokyo] PHP   2. Woman->love() C:\xampp\htdocs\OP_お見合い\index.php:140
[28-Jul-2020 18:31:40 Asia/Tokyo] PHP Fatal error:  Uncaught Error: Call to undefined function getName() in C:\xampp\htdocs\OP_お見合い\index.php:143
Stack trace:
#0 {main}
  thrown in C:\xampp\htdocs\OP_お見合い\index.php on line 143
[28-Jul-2020 18:32:04 Asia/Tokyo] POSTあり
[28-Jul-2020 18:32:04 Asia/Tokyo] PHP Fatal error:  Uncaught Error: Call to undefined function getName() in C:\xampp\htdocs\OP_お見合い\index.php:143
Stack trace:
#0 {main}
  thrown in C:\xampp\htdocs\OP_お見合い\index.php on line 143
[28-Jul-2020 18:32:39 Asia/Tokyo] POSTあり
[28-Jul-2020 18:32:39 Asia/Tokyo] PHP Fatal error:  Uncaught Error: Call to undefined function mt_land() in C:\xampp\htdocs\OP_お見合い\index.php:64
Stack trace:
#0 C:\xampp\htdocs\OP_お見合い\index.php(144): Man->likeMan(Object(Woman))
#1 {main}
  thrown in C:\xampp\htdocs\OP_お見合い\index.php on line 64
[28-Jul-2020 18:34:14 Asia/Tokyo] POSTあり
[28-Jul-2020 18:34:14 Asia/Tokyo] PHP Notice:  Undefined variable: SESSION in C:\xampp\htdocs\OP_お見合い\index.php on line 152
[28-Jul-2020 18:34:14 Asia/Tokyo] PHP Stack trace:
[28-Jul-2020 18:34:14 Asia/Tokyo] PHP   1. {main}() C:\xampp\htdocs\OP_お見合い\index.php:0
[28-Jul-2020 18:34:14 Asia/Tokyo] PHP Fatal error:  Uncaught Error: Call to a member function getName() on null in C:\xampp\htdocs\OP_お見合い\index.php:152
Stack trace:
#0 {main}
  thrown in C:\xampp\htdocs\OP_お見合い\index.php on line 152
[28-Jul-2020 18:34:47 Asia/Tokyo] POSTあり
[28-Jul-2020 18:34:47 Asia/Tokyo] PHP Notice:  Undefined index: knockDownCount in C:\xampp\htdocs\OP_お見合い\index.php on line 154
[28-Jul-2020 18:34:47 Asia/Tokyo] PHP Stack trace:
[28-Jul-2020 18:34:47 Asia/Tokyo] PHP   1. {main}() C:\xampp\htdocs\OP_お見合い\index.php:0
[28-Jul-2020 18:39:23 Asia/Tokyo] POSTあり
[28-Jul-2020 18:39:31 Asia/Tokyo] POSTあり
[28-Jul-2020 18:39:34 Asia/Tokyo] POSTあり
[28-Jul-2020 18:39:35 Asia/Tokyo] POSTあり
[28-Jul-2020 18:39:38 Asia/Tokyo] POSTあり
[28-Jul-2020 18:39:42 Asia/Tokyo] POSTあり
[28-Jul-2020 18:39:45 Asia/Tokyo] POSTあり
[28-Jul-2020 18:39:48 Asia/Tokyo] POSTあり
[28-Jul-2020 18:39:50 Asia/Tokyo] POSTあり
[28-Jul-2020 18:39:53 Asia/Tokyo] POSTあり
[28-Jul-2020 18:39:55 Asia/Tokyo] POSTあり
[28-Jul-2020 18:39:57 Asia/Tokyo] POSTあり
[28-Jul-2020 18:40:00 Asia/Tokyo] POSTあり
[28-Jul-2020 18:40:06 Asia/Tokyo] POSTあり
[28-Jul-2020 18:40:09 Asia/Tokyo] POSTあり
[28-Jul-2020 18:40:13 Asia/Tokyo] POSTあり
[28-Jul-2020 18:40:15 Asia/Tokyo] POSTあり
[28-Jul-2020 18:42:17 Asia/Tokyo] POSTあり
[28-Jul-2020 18:42:17 Asia/Tokyo] PHP Notice:  Undefined index: knockDownCount in C:\xampp\htdocs\OP_お見合い\index.php on line 190
[28-Jul-2020 18:42:17 Asia/Tokyo] PHP Stack trace:
[28-Jul-2020 18:42:17 Asia/Tokyo] PHP   1. {main}() C:\xampp\htdocs\OP_お見合い\index.php:0
[28-Jul-2020 18:42:17 Asia/Tokyo] PHP Notice:  Undefined index: woman in C:\xampp\htdocs\OP_お見合い\index.php on line 191
[28-Jul-2020 18:42:17 Asia/Tokyo] PHP Stack trace:
[28-Jul-2020 18:42:17 Asia/Tokyo] PHP   1. {main}() C:\xampp\htdocs\OP_お見合い\index.php:0
[28-Jul-2020 18:44:49 Asia/Tokyo] POSTあり
[28-Jul-2020 18:44:49 Asia/Tokyo] PHP Notice:  Undefined index: knockDownCount in C:\xampp\htdocs\OP_お見合い\index.php on line 190
[28-Jul-2020 18:44:49 Asia/Tokyo] PHP Stack trace:
[28-Jul-2020 18:44:49 Asia/Tokyo] PHP   1. {main}() C:\xampp\htdocs\OP_お見合い\index.php:0
[28-Jul-2020 18:45:39 Asia/Tokyo] POSTあり
[28-Jul-2020 18:45:39 Asia/Tokyo] PHP Notice:  Undefined index: knockDownCount in C:\xampp\htdocs\OP_お見合い\index.php on line 190
[28-Jul-2020 18:45:39 Asia/Tokyo] PHP Stack trace:
[28-Jul-2020 18:45:39 Asia/Tokyo] PHP   1. {main}() C:\xampp\htdocs\OP_お見合い\index.php:0
[28-Jul-2020 18:47:45 Asia/Tokyo] POSTあり
[28-Jul-2020 18:47:45 Asia/Tokyo] PHP Notice:  Undefined index: knockDownCount in C:\xampp\htdocs\OP_お見合い\index.php on line 190
[28-Jul-2020 18:47:45 Asia/Tokyo] PHP Stack trace:
[28-Jul-2020 18:47:45 Asia/Tokyo] PHP   1. {main}() C:\xampp\htdocs\OP_お見合い\index.php:0
[28-Jul-2020 18:48:23 Asia/Tokyo] POSTあり
[28-Jul-2020 18:48:23 Asia/Tokyo] PHP Notice:  Undefined index: knockDownCount in C:\xampp\htdocs\OP_お見合い\index.php on line 190
[28-Jul-2020 18:48:23 Asia/Tokyo] PHP Stack trace:
[28-Jul-2020 18:48:23 Asia/Tokyo] PHP   1. {main}() C:\xampp\htdocs\OP_お見合い\index.php:0
[28-Jul-2020 18:48:27 Asia/Tokyo] POSTあり
[28-Jul-2020 18:48:27 Asia/Tokyo] PHP Notice:  Undefined index: knockDownCount in C:\xampp\htdocs\OP_お見合い\index.php on line 190
[28-Jul-2020 18:48:27 Asia/Tokyo] PHP Stack trace:
[28-Jul-2020 18:48:27 Asia/Tokyo] PHP   1. {main}() C:\xampp\htdocs\OP_お見合い\index.php:0
[28-Jul-2020 18:51:11 Asia/Tokyo] POSTあり
[28-Jul-2020 18:51:11 Asia/Tokyo] PHP Notice:  Undefined index: knockDownCount in C:\xampp\htdocs\OP_お見合い\index.php on line 190
[28-Jul-2020 18:51:11 Asia/Tokyo] PHP Stack trace:
[28-Jul-2020 18:51:11 Asia/Tokyo] PHP   1. {main}() C:\xampp\htdocs\OP_お見合い\index.php:0
[28-Jul-2020 18:51:16 Asia/Tokyo] POSTあり
[28-Jul-2020 18:51:16 Asia/Tokyo] PHP Warning:  mt_rand(): max(40) is smaller than min(50) in C:\xampp\htdocs\OP_お見合い\index.php on line 64
[28-Jul-2020 18:51:16 Asia/Tokyo] PHP Stack trace:
[28-Jul-2020 18:51:16 Asia/Tokyo] PHP   1. {main}() C:\xampp\htdocs\OP_お見合い\index.php:0
[28-Jul-2020 18:51:16 Asia/Tokyo] PHP   2. Man->likeMan() C:\xampp\htdocs\OP_お見合い\index.php:135
[28-Jul-2020 18:51:16 Asia/Tokyo] PHP   3. mt_rand() C:\xampp\htdocs\OP_お見合い\index.php:64
[28-Jul-2020 18:51:16 Asia/Tokyo] PHP Notice:  Undefined index: knockDownCount in C:\xampp\htdocs\OP_お見合い\index.php on line 190
[28-Jul-2020 18:51:16 Asia/Tokyo] PHP Stack trace:
[28-Jul-2020 18:51:16 Asia/Tokyo] PHP   1. {main}() C:\xampp\htdocs\OP_お見合い\index.php:0
[28-Jul-2020 18:53:02 Asia/Tokyo] POSTあり
[28-Jul-2020 18:53:02 Asia/Tokyo] PHP Warning:  mt_rand(): max(40) is smaller than min(50) in C:\xampp\htdocs\OP_お見合い\index.php on line 64
[28-Jul-2020 18:53:02 Asia/Tokyo] PHP Stack trace:
[28-Jul-2020 18:53:02 Asia/Tokyo] PHP   1. {main}() C:\xampp\htdocs\OP_お見合い\index.php:0
[28-Jul-2020 18:53:02 Asia/Tokyo] PHP   2. Man->likeMan() C:\xampp\htdocs\OP_お見合い\index.php:135
[28-Jul-2020 18:53:02 Asia/Tokyo] PHP   3. mt_rand() C:\xampp\htdocs\OP_お見合い\index.php:64
[28-Jul-2020 18:53:02 Asia/Tokyo] PHP Notice:  Undefined index: knockDownCount in C:\xampp\htdocs\OP_お見合い\index.php on line 190
[28-Jul-2020 18:53:02 Asia/Tokyo] PHP Stack trace:
[28-Jul-2020 18:53:02 Asia/Tokyo] PHP   1. {main}() C:\xampp\htdocs\OP_お見合い\index.php:0
[28-Jul-2020 18:54:22 Asia/Tokyo] POSTあり
[28-Jul-2020 18:54:22 Asia/Tokyo] PHP Warning:  mt_rand(): max(40) is smaller than min(50) in C:\xampp\htdocs\OP_お見合い\index.php on line 64
[28-Jul-2020 18:54:22 Asia/Tokyo] PHP Stack trace:
[28-Jul-2020 18:54:22 Asia/Tokyo] PHP   1. {main}() C:\xampp\htdocs\OP_お見合い\index.php:0
[28-Jul-2020 18:54:23 Asia/Tokyo] PHP   2. Man->likeMan() C:\xampp\htdocs\OP_お見合い\index.php:135
[28-Jul-2020 18:54:23 Asia/Tokyo] PHP   3. mt_rand() C:\xampp\htdocs\OP_お見合い\index.php:64
[28-Jul-2020 18:54:23 Asia/Tokyo] PHP Notice:  Undefined index: knockDownCount in C:\xampp\htdocs\OP_お見合い\index.php on line 190
[28-Jul-2020 18:54:23 Asia/Tokyo] PHP Stack trace:
[28-Jul-2020 18:54:23 Asia/Tokyo] PHP   1. {main}() C:\xampp\htdocs\OP_お見合い\index.php:0
[28-Jul-2020 18:57:40 Asia/Tokyo] POSTあり
[28-Jul-2020 18:57:40 Asia/Tokyo] PHP Notice:  Undefined index: knockDownCount in C:\xampp\htdocs\OP_お見合い\index.php on line 190
[28-Jul-2020 18:57:40 Asia/Tokyo] PHP Stack trace:
[28-Jul-2020 18:57:40 Asia/Tokyo] PHP   1. {main}() C:\xampp\htdocs\OP_お見合い\index.php:0
[28-Jul-2020 18:57:43 Asia/Tokyo] POSTあり
[28-Jul-2020 18:57:43 Asia/Tokyo] PHP Notice:  Undefined index: knockDownCount in C:\xampp\htdocs\OP_お見合い\index.php on line 190
[28-Jul-2020 18:57:43 Asia/Tokyo] PHP Stack trace:
[28-Jul-2020 18:57:43 Asia/Tokyo] PHP   1. {main}() C:\xampp\htdocs\OP_お見合い\index.php:0
[28-Jul-2020 18:57:44 Asia/Tokyo] POSTあり
[28-Jul-2020 18:57:44 Asia/Tokyo] PHP Notice:  Undefined index: knockDownCount in C:\xampp\htdocs\OP_お見合い\index.php on line 190
[28-Jul-2020 18:57:44 Asia/Tokyo] PHP Stack trace:
[28-Jul-2020 18:57:45 Asia/Tokyo] PHP   1. {main}() C:\xampp\htdocs\OP_お見合い\index.php:0
[28-Jul-2020 18:57:46 Asia/Tokyo] POSTあり
[28-Jul-2020 18:57:46 Asia/Tokyo] PHP Notice:  Undefined index: knockDownCount in C:\xampp\htdocs\OP_お見合い\index.php on line 190
[28-Jul-2020 18:57:46 Asia/Tokyo] PHP Stack trace:
[28-Jul-2020 18:57:46 Asia/Tokyo] PHP   1. {main}() C:\xampp\htdocs\OP_お見合い\index.php:0
[28-Jul-2020 18:57:48 Asia/Tokyo] POSTあり
[28-Jul-2020 18:57:49 Asia/Tokyo] POSTあり
[28-Jul-2020 18:57:49 Asia/Tokyo] PHP Notice:  Undefined index: knockDownCount in C:\xampp\htdocs\OP_お見合い\index.php on line 190
[28-Jul-2020 18:57:49 Asia/Tokyo] PHP Stack trace:
[28-Jul-2020 18:57:49 Asia/Tokyo] PHP   1. {main}() C:\xampp\htdocs\OP_お見合い\index.php:0
[28-Jul-2020 18:57:51 Asia/Tokyo] POSTあり
[28-Jul-2020 18:57:51 Asia/Tokyo] PHP Notice:  Undefined index: knockDownCount in C:\xampp\htdocs\OP_お見合い\index.php on line 190
[28-Jul-2020 18:57:51 Asia/Tokyo] PHP Stack trace:
[28-Jul-2020 18:57:51 Asia/Tokyo] PHP   1. {main}() C:\xampp\htdocs\OP_お見合い\index.php:0
[28-Jul-2020 18:57:52 Asia/Tokyo] POSTあり
[28-Jul-2020 18:57:52 Asia/Tokyo] PHP Notice:  Undefined index: knockDownCount in C:\xampp\htdocs\OP_お見合い\index.php on line 190
[28-Jul-2020 18:57:52 Asia/Tokyo] PHP Stack trace:
[28-Jul-2020 18:57:52 Asia/Tokyo] PHP   1. {main}() C:\xampp\htdocs\OP_お見合い\index.php:0
[28-Jul-2020 18:57:53 Asia/Tokyo] POSTあり
[28-Jul-2020 18:57:53 Asia/Tokyo] PHP Notice:  Undefined index: knockDownCount in C:\xampp\htdocs\OP_お見合い\index.php on line 190
[28-Jul-2020 18:57:53 Asia/Tokyo] PHP Stack trace:
[28-Jul-2020 18:57:53 Asia/Tokyo] PHP   1. {main}() C:\xampp\htdocs\OP_お見合い\index.php:0
[28-Jul-2020 18:57:55 Asia/Tokyo] POSTあり
[28-Jul-2020 18:57:58 Asia/Tokyo] POSTあり
[28-Jul-2020 18:57:58 Asia/Tokyo] PHP Notice:  Undefined index: knockDownCount in C:\xampp\htdocs\OP_お見合い\index.php on line 190
[28-Jul-2020 18:57:58 Asia/Tokyo] PHP Stack trace:
[28-Jul-2020 18:57:58 Asia/Tokyo] PHP   1. {main}() C:\xampp\htdocs\OP_お見合い\index.php:0
[28-Jul-2020 18:58:15 Asia/Tokyo] POSTあり
[28-Jul-2020 18:58:15 Asia/Tokyo] PHP Notice:  Undefined index: knockDownCount in C:\xampp\htdocs\OP_お見合い\index.php on line 190
[28-Jul-2020 18:58:15 Asia/Tokyo] PHP Stack trace:
[28-Jul-2020 18:58:15 Asia/Tokyo] PHP   1. {main}() C:\xampp\htdocs\OP_お見合い\index.php:0
[28-Jul-2020 18:58:17 Asia/Tokyo] POSTあり
[28-Jul-2020 18:58:17 Asia/Tokyo] PHP Notice:  Undefined index: knockDownCount in C:\xampp\htdocs\OP_お見合い\index.php on line 190
[28-Jul-2020 18:58:17 Asia/Tokyo] PHP Stack trace:
[28-Jul-2020 18:58:17 Asia/Tokyo] PHP   1. {main}() C:\xampp\htdocs\OP_お見合い\index.php:0
[28-Jul-2020 18:58:18 Asia/Tokyo] POSTあり
[28-Jul-2020 18:58:18 Asia/Tokyo] PHP Notice:  Undefined index: knockDownCount in C:\xampp\htdocs\OP_お見合い\index.php on line 190
[28-Jul-2020 18:58:18 Asia/Tokyo] PHP Stack trace:
[28-Jul-2020 18:58:18 Asia/Tokyo] PHP   1. {main}() C:\xampp\htdocs\OP_お見合い\index.php:0
[28-Jul-2020 18:58:19 Asia/Tokyo] POSTあり
[28-Jul-2020 18:58:19 Asia/Tokyo] PHP Notice:  Undefined index: knockDownCount in C:\xampp\htdocs\OP_お見合い\index.php on line 190
[28-Jul-2020 18:58:19 Asia/Tokyo] PHP Stack trace:
[28-Jul-2020 18:58:19 Asia/Tokyo] PHP   1. {main}() C:\xampp\htdocs\OP_お見合い\index.php:0
[28-Jul-2020 18:58:20 Asia/Tokyo] POSTあり
[28-Jul-2020 18:58:20 Asia/Tokyo] PHP Notice:  Undefined index: knockDownCount in C:\xampp\htdocs\OP_お見合い\index.php on line 190
[28-Jul-2020 18:58:20 Asia/Tokyo] PHP Stack trace:
[28-Jul-2020 18:58:20 Asia/Tokyo] PHP   1. {main}() C:\xampp\htdocs\OP_お見合い\index.php:0
[28-Jul-2020 18:58:21 Asia/Tokyo] POSTあり
[28-Jul-2020 18:58:21 Asia/Tokyo] PHP Notice:  Undefined index: knockDownCount in C:\xampp\htdocs\OP_お見合い\index.php on line 190
[28-Jul-2020 18:58:21 Asia/Tokyo] PHP Stack trace:
[28-Jul-2020 18:58:21 Asia/Tokyo] PHP   1. {main}() C:\xampp\htdocs\OP_お見合い\index.php:0
[28-Jul-2020 18:58:23 Asia/Tokyo] POSTあり
[28-Jul-2020 18:58:23 Asia/Tokyo] PHP Notice:  Undefined index: knockDownCount in C:\xampp\htdocs\OP_お見合い\index.php on line 190
[28-Jul-2020 18:58:23 Asia/Tokyo] PHP Stack trace:
[28-Jul-2020 18:58:23 Asia/Tokyo] PHP   1. {main}() C:\xampp\htdocs\OP_お見合い\index.php:0
[28-Jul-2020 18:58:24 Asia/Tokyo] POSTあり
[28-Jul-2020 18:58:25 Asia/Tokyo] PHP Notice:  Undefined index: knockDownCount in C:\xampp\htdocs\OP_お見合い\index.php on line 190
[28-Jul-2020 18:58:25 Asia/Tokyo] PHP Stack trace:
[28-Jul-2020 18:58:25 Asia/Tokyo] PHP   1. {main}() C:\xampp\htdocs\OP_お見合い\index.php:0
[28-Jul-2020 18:58:26 Asia/Tokyo] POSTあり
[28-Jul-2020 18:58:26 Asia/Tokyo] PHP Notice:  Undefined index: knockDownCount in C:\xampp\htdocs\OP_お見合い\index.php on line 190
[28-Jul-2020 18:58:26 Asia/Tokyo] PHP Stack trace:
[28-Jul-2020 18:58:26 Asia/Tokyo] PHP   1. {main}() C:\xampp\htdocs\OP_お見合い\index.php:0
[28-Jul-2020 18:58:27 Asia/Tokyo] POSTあり
[28-Jul-2020 18:58:27 Asia/Tokyo] PHP Notice:  Undefined index: knockDownCount in C:\xampp\htdocs\OP_お見合い\index.php on line 190
[28-Jul-2020 18:58:27 Asia/Tokyo] PHP Stack trace:
[28-Jul-2020 18:58:27 Asia/Tokyo] PHP   1. {main}() C:\xampp\htdocs\OP_お見合い\index.php:0
[28-Jul-2020 18:58:29 Asia/Tokyo] POSTあり
[28-Jul-2020 18:58:29 Asia/Tokyo] PHP Notice:  Undefined index: knockDownCount in C:\xampp\htdocs\OP_お見合い\index.php on line 190
[28-Jul-2020 18:58:29 Asia/Tokyo] PHP Stack trace:
[28-Jul-2020 18:58:29 Asia/Tokyo] PHP   1. {main}() C:\xampp\htdocs\OP_お見合い\index.php:0
[28-Jul-2020 18:58:31 Asia/Tokyo] POSTあり
[28-Jul-2020 18:58:31 Asia/Tokyo] PHP Notice:  Undefined index: knockDownCount in C:\xampp\htdocs\OP_お見合い\index.php on line 190
[28-Jul-2020 18:58:31 Asia/Tokyo] PHP Stack trace:
[28-Jul-2020 18:58:31 Asia/Tokyo] PHP   1. {main}() C:\xampp\htdocs\OP_お見合い\index.php:0
[28-Jul-2020 18:58:31 Asia/Tokyo] POSTあり
[28-Jul-2020 18:58:31 Asia/Tokyo] PHP Notice:  Undefined index: knockDownCount in C:\xampp\htdocs\OP_お見合い\index.php on line 190
[28-Jul-2020 18:58:32 Asia/Tokyo] PHP Stack trace:
[28-Jul-2020 18:58:32 Asia/Tokyo] PHP   1. {main}() C:\xampp\htdocs\OP_お見合い\index.php:0
[28-Jul-2020 18:58:32 Asia/Tokyo] POSTあり
[28-Jul-2020 18:58:59 Asia/Tokyo] POSTあり
[28-Jul-2020 18:58:59 Asia/Tokyo] PHP Notice:  Undefined index: knockDownCount in C:\xampp\htdocs\OP_お見合い\index.php on line 190
[28-Jul-2020 18:58:59 Asia/Tokyo] PHP Stack trace:
[28-Jul-2020 18:58:59 Asia/Tokyo] PHP   1. {main}() C:\xampp\htdocs\OP_お見合い\index.php:0
[28-Jul-2020 18:59:01 Asia/Tokyo] POSTあり
[28-Jul-2020 18:59:01 Asia/Tokyo] PHP Notice:  Undefined index: knockDownCount in C:\xampp\htdocs\OP_お見合い\index.php on line 190
[28-Jul-2020 18:59:01 Asia/Tokyo] PHP Stack trace:
[28-Jul-2020 18:59:01 Asia/Tokyo] PHP   1. {main}() C:\xampp\htdocs\OP_お見合い\index.php:0
[28-Jul-2020 18:59:03 Asia/Tokyo] POSTあり
[28-Jul-2020 18:59:03 Asia/Tokyo] PHP Notice:  Undefined index: knockDownCount in C:\xampp\htdocs\OP_お見合い\index.php on line 190
[28-Jul-2020 18:59:03 Asia/Tokyo] PHP Stack trace:
[28-Jul-2020 18:59:03 Asia/Tokyo] PHP   1. {main}() C:\xampp\htdocs\OP_お見合い\index.php:0
[28-Jul-2020 18:59:05 Asia/Tokyo] POSTあり
[28-Jul-2020 18:59:05 Asia/Tokyo] PHP Notice:  Undefined index: knockDownCount in C:\xampp\htdocs\OP_お見合い\index.php on line 190
[28-Jul-2020 18:59:05 Asia/Tokyo] PHP Stack trace:
[28-Jul-2020 18:59:05 Asia/Tokyo] PHP   1. {main}() C:\xampp\htdocs\OP_お見合い\index.php:0
[28-Jul-2020 18:59:06 Asia/Tokyo] POSTあり
[28-Jul-2020 18:59:06 Asia/Tokyo] PHP Notice:  Undefined index: knockDownCount in C:\xampp\htdocs\OP_お見合い\index.php on line 190
[28-Jul-2020 18:59:06 Asia/Tokyo] PHP Stack trace:
[28-Jul-2020 18:59:06 Asia/Tokyo] PHP   1. {main}() C:\xampp\htdocs\OP_お見合い\index.php:0
[28-Jul-2020 18:59:08 Asia/Tokyo] POSTあり
[28-Jul-2020 18:59:08 Asia/Tokyo] PHP Notice:  Undefined index: knockDownCount in C:\xampp\htdocs\OP_お見合い\index.php on line 190
[28-Jul-2020 18:59:08 Asia/Tokyo] PHP Stack trace:
[28-Jul-2020 18:59:08 Asia/Tokyo] PHP   1. {main}() C:\xampp\htdocs\OP_お見合い\index.php:0
[28-Jul-2020 18:59:10 Asia/Tokyo] POSTあり
[28-Jul-2020 18:59:10 Asia/Tokyo] PHP Notice:  Undefined index: knockDownCount in C:\xampp\htdocs\OP_お見合い\index.php on line 190
[28-Jul-2020 18:59:10 Asia/Tokyo] PHP Stack trace:
[28-Jul-2020 18:59:10 Asia/Tokyo] PHP   1. {main}() C:\xampp\htdocs\OP_お見合い\index.php:0
[28-Jul-2020 18:59:12 Asia/Tokyo] POSTあり
[28-Jul-2020 18:59:12 Asia/Tokyo] PHP Notice:  Undefined index: knockDownCount in C:\xampp\htdocs\OP_お見合い\index.php on line 190
[28-Jul-2020 18:59:12 Asia/Tokyo] PHP Stack trace:
[28-Jul-2020 18:59:12 Asia/Tokyo] PHP   1. {main}() C:\xampp\htdocs\OP_お見合い\index.php:0
[28-Jul-2020 18:59:14 Asia/Tokyo] POSTあり
[28-Jul-2020 18:59:14 Asia/Tokyo] PHP Notice:  Undefined index: knockDownCount in C:\xampp\htdocs\OP_お見合い\index.php on line 190
[28-Jul-2020 18:59:14 Asia/Tokyo] PHP Stack trace:
[28-Jul-2020 18:59:14 Asia/Tokyo] PHP   1. {main}() C:\xampp\htdocs\OP_お見合い\index.php:0
[28-Jul-2020 18:59:17 Asia/Tokyo] POSTあり
[28-Jul-2020 18:59:17 Asia/Tokyo] PHP Notice:  Undefined index: knockDownCount in C:\xampp\htdocs\OP_お見合い\index.php on line 190
[28-Jul-2020 18:59:17 Asia/Tokyo] PHP Stack trace:
[28-Jul-2020 18:59:17 Asia/Tokyo] PHP   1. {main}() C:\xampp\htdocs\OP_お見合い\index.php:0
[28-Jul-2020 18:59:18 Asia/Tokyo] POSTあり
[28-Jul-2020 18:59:18 Asia/Tokyo] PHP Notice:  Undefined index: knockDownCount in C:\xampp\htdocs\OP_お見合い\index.php on line 190
[28-Jul-2020 18:59:18 Asia/Tokyo] PHP Stack trace:
[28-Jul-2020 18:59:18 Asia/Tokyo] PHP   1. {main}() C:\xampp\htdocs\OP_お見合い\index.php:0
[28-Jul-2020 18:59:20 Asia/Tokyo] POSTあり
[28-Jul-2020 18:59:20 Asia/Tokyo] PHP Notice:  Undefined index: knockDownCount in C:\xampp\htdocs\OP_お見合い\index.php on line 190
[28-Jul-2020 18:59:20 Asia/Tokyo] PHP Stack trace:
[28-Jul-2020 18:59:20 Asia/Tokyo] PHP   1. {main}() C:\xampp\htdocs\OP_お見合い\index.php:0
[28-Jul-2020 18:59:21 Asia/Tokyo] POSTあり
[28-Jul-2020 18:59:21 Asia/Tokyo] PHP Notice:  Undefined index: knockDownCount in C:\xampp\htdocs\OP_お見合い\index.php on line 190
[28-Jul-2020 18:59:21 Asia/Tokyo] PHP Stack trace:
[28-Jul-2020 18:59:21 Asia/Tokyo] PHP   1. {main}() C:\xampp\htdocs\OP_お見合い\index.php:0
[28-Jul-2020 18:59:23 Asia/Tokyo] POSTあり
[28-Jul-2020 18:59:23 Asia/Tokyo] PHP Notice:  Undefined index: knockDownCount in C:\xampp\htdocs\OP_お見合い\index.php on line 190
[28-Jul-2020 18:59:23 Asia/Tokyo] PHP Stack trace:
[28-Jul-2020 18:59:23 Asia/Tokyo] PHP   1. {main}() C:\xampp\htdocs\OP_お見合い\index.php:0
[28-Jul-2020 18:59:25 Asia/Tokyo] POSTあり
[28-Jul-2020 18:59:25 Asia/Tokyo] PHP Notice:  Undefined index: knockDownCount in C:\xampp\htdocs\OP_お見合い\index.php on line 190
[28-Jul-2020 18:59:25 Asia/Tokyo] PHP Stack trace:
[28-Jul-2020 18:59:25 Asia/Tokyo] PHP   1. {main}() C:\xampp\htdocs\OP_お見合い\index.php:0
[28-Jul-2020 18:59:26 Asia/Tokyo] POSTあり
[28-Jul-2020 18:59:26 Asia/Tokyo] PHP Notice:  Undefined index: knockDownCount in C:\xampp\htdocs\OP_お見合い\index.php on line 190
[28-Jul-2020 18:59:26 Asia/Tokyo] PHP Stack trace:
[28-Jul-2020 18:59:26 Asia/Tokyo] PHP   1. {main}() C:\xampp\htdocs\OP_お見合い\index.php:0
[28-Jul-2020 18:59:28 Asia/Tokyo] POSTあり
[28-Jul-2020 18:59:28 Asia/Tokyo] PHP Notice:  Undefined index: knockDownCount in C:\xampp\htdocs\OP_お見合い\index.php on line 190
[28-Jul-2020 18:59:28 Asia/Tokyo] PHP Stack trace:
[28-Jul-2020 18:59:28 Asia/Tokyo] PHP   1. {main}() C:\xampp\htdocs\OP_お見合い\index.php:0
[28-Jul-2020 18:59:30 Asia/Tokyo] POSTあり
[28-Jul-2020 18:59:30 Asia/Tokyo] PHP Notice:  Undefined index: knockDownCount in C:\xampp\htdocs\OP_お見合い\index.php on line 190
[28-Jul-2020 18:59:30 Asia/Tokyo] PHP Stack trace:
[28-Jul-2020 18:59:30 Asia/Tokyo] PHP   1. {main}() C:\xampp\htdocs\OP_お見合い\index.php:0
[28-Jul-2020 18:59:31 Asia/Tokyo] POSTあり
[28-Jul-2020 18:59:31 Asia/Tokyo] PHP Notice:  Undefined index: knockDownCount in C:\xampp\htdocs\OP_お見合い\index.php on line 190
[28-Jul-2020 18:59:31 Asia/Tokyo] PHP Stack trace:
[28-Jul-2020 18:59:31 Asia/Tokyo] PHP   1. {main}() C:\xampp\htdocs\OP_お見合い\index.php:0
[28-Jul-2020 18:59:33 Asia/Tokyo] POSTあり
[28-Jul-2020 18:59:33 Asia/Tokyo] PHP Notice:  Undefined index: knockDownCount in C:\xampp\htdocs\OP_お見合い\index.php on line 190
[28-Jul-2020 18:59:33 Asia/Tokyo] PHP Stack trace:
[28-Jul-2020 18:59:33 Asia/Tokyo] PHP   1. {main}() C:\xampp\htdocs\OP_お見合い\index.php:0
[28-Jul-2020 18:59:34 Asia/Tokyo] POSTあり
[28-Jul-2020 18:59:34 Asia/Tokyo] PHP Notice:  Undefined index: knockDownCount in C:\xampp\htdocs\OP_お見合い\index.php on line 190
[28-Jul-2020 18:59:34 Asia/Tokyo] PHP Stack trace:
[28-Jul-2020 18:59:34 Asia/Tokyo] PHP   1. {main}() C:\xampp\htdocs\OP_お見合い\index.php:0
[28-Jul-2020 18:59:36 Asia/Tokyo] POSTあり
[28-Jul-2020 18:59:36 Asia/Tokyo] PHP Notice:  Undefined index: knockDownCount in C:\xampp\htdocs\OP_お見合い\index.php on line 190
[28-Jul-2020 18:59:36 Asia/Tokyo] PHP Stack trace:
[28-Jul-2020 18:59:36 Asia/Tokyo] PHP   1. {main}() C:\xampp\htdocs\OP_お見合い\index.php:0
